# JRE version: OpenJDK Runtime Environment Temurin-21.0.5+11 (21.0.5+11) (build 21.0.5+11-LTS)
# Java VM: OpenJDK 64-Bit Server VM Temurin-21.0.5+11 (21.0.5+11-LTS, mixed mode, sharing, tiered, compressed oops, compressed class ptrs, parallel gc, windows-amd64)
GC Precious Log:
 CardTable entry size: 512
 CPUs: 8 total, 8 available
 Memory: 8036M
 Large Page Support: Disabled
 NUMA Support: Disabled
 Compressed Oops: Enabled (32-bit)
 Alignments: Space 512K, Generation 512K, Heap 2M
 Heap Min Capacity: 100M
 Heap Initial Capacity: 100M
 Heap Max Capacity: 1G
 Pre-touch: Disabled
 Parallel Workers: 8
Heap:
 PSYoungGen      total 11776K, used 8704K [0x00000000eab00000, 0x00000000eb900000, 0x0000000100000000)
  eden space 9216K, 76% used [0x00000000eab00000,0x00000000eb1dde00,0x00000000eb400000)
  from space 2560K, 65% used [0x00000000eb400000,0x00000000eb5a23d0,0x00000000eb680000)
  to   space 2560K, 0% used [0x00000000eb680000,0x00000000eb680000,0x00000000eb900000)
 ParOldGen       total 334848K, used 334393K [0x00000000c0000000, 0x00000000d4700000, 0x00000000eab00000)
  object space 334848K, 99% used [0x00000000c0000000,0x00000000d468e458,0x00000000d4700000)
 Metaspace       used 60629K, committed 62016K, reserved 1114112K
  class space    used 6318K, committed 6912K, reserved 1048576K
GC Heap History (20 events):
Event: 183.202 GC heap before
{Heap before GC invocations=464 (full 4):
 PSYoungGen      total 10240K, used 10199K [0x00000000eab00000, 0x00000000ebe80000, 0x0000000100000000)
  eden space 7680K, 99% used [0x00000000eab00000,0x00000000eb2770e0,0x00000000eb280000)
  from space 2560K, 99% used [0x00000000eb280000,0x00000000eb4fee48,0x00000000eb500000)
  to   space 5632K, 0% used [0x00000000eb900000,0x00000000eb900000,0x00000000ebe80000)
 ParOldGen       total 332800K, used 309253K [0x00000000c0000000, 0x00000000d4500000, 0x00000000eab00000)
  object space 332800K, 92% used [0x00000000c0000000,0x00000000d2e015d8,0x00000000d4500000)
 Metaspace       used 60576K, committed 61952K, reserved 1114112K
  class space    used 6317K, committed 6912K, reserved 1048576K
}
Event: 183.207 GC heap after
{Heap after GC invocations=464 (full 4):
 PSYoungGen      total 11776K, used 2945K [0x00000000eab00000, 0x00000000ebc00000, 0x0000000100000000)
  eden space 8704K, 0% used [0x00000000eab00000,0x00000000eab00000,0x00000000eb380000)
  from space 3072K, 95% used [0x00000000eb900000,0x00000000ebbe0718,0x00000000ebc00000)
  to   space 4096K, 0% used [0x00000000eb400000,0x00000000eb400000,0x00000000eb800000)
 ParOldGen       total 332800K, used 311700K [0x00000000c0000000, 0x00000000d4500000, 0x00000000eab00000)
  object space 332800K, 93% used [0x00000000c0000000,0x00000000d30652f8,0x00000000d4500000)
 Metaspace       used 60576K, committed 61952K, reserved 1114112K
  class space    used 6317K, committed 6912K, reserved 1048576K
}
Event: 183.239 GC heap before
{Heap before GC invocations=465 (full 4):
 PSYoungGen      total 11776K, used 11633K [0x00000000eab00000, 0x00000000ebc00000, 0x0000000100000000)
  eden space 8704K, 99% used [0x00000000eab00000,0x00000000eb37bda8,0x00000000eb380000)
  from space 3072K, 95% used [0x00000000eb900000,0x00000000ebbe0718,0x00000000ebc00000)
  to   space 4096K, 0% used [0x00000000eb400000,0x00000000eb400000,0x00000000eb800000)
 ParOldGen       total 332800K, used 311700K [0x00000000c0000000, 0x00000000d4500000, 0x00000000eab00000)
  object space 332800K, 93% used [0x00000000c0000000,0x00000000d30652f8,0x00000000d4500000)
 Metaspace       used 60576K, committed 61952K, reserved 1114112K
  class space    used 6317K, committed 6912K, reserved 1048576K
}
Event: 183.243 GC heap after
{Heap after GC invocations=465 (full 4):
 PSYoungGen      total 13312K, used 3431K [0x00000000eab00000, 0x00000000ebc00000, 0x0000000100000000)
  eden space 9216K, 0% used [0x00000000eab00000,0x00000000eab00000,0x00000000eb400000)
  from space 4096K, 83% used [0x00000000eb400000,0x00000000eb759fe8,0x00000000eb800000)
  to   space 3584K, 0% used [0x00000000eb880000,0x00000000eb880000,0x00000000ebc00000)
 ParOldGen       total 332800K, used 314536K [0x00000000c0000000, 0x00000000d4500000, 0x00000000eab00000)
  object space 332800K, 94% used [0x00000000c0000000,0x00000000d332a040,0x00000000d4500000)
 Metaspace       used 60576K, committed 61952K, reserved 1114112K
  class space    used 6317K, committed 6912K, reserved 1048576K
}
Event: 183.267 GC heap before
{Heap before GC invocations=466 (full 4):
 PSYoungGen      total 13312K, used 12647K [0x00000000eab00000, 0x00000000ebc00000, 0x0000000100000000)
  eden space 9216K, 100% used [0x00000000eab00000,0x00000000eb400000,0x00000000eb400000)
  from space 4096K, 83% used [0x00000000eb400000,0x00000000eb759fe8,0x00000000eb800000)
  to   space 3584K, 0% used [0x00000000eb880000,0x00000000eb880000,0x00000000ebc00000)
 ParOldGen       total 332800K, used 314536K [0x00000000c0000000, 0x00000000d4500000, 0x00000000eab00000)
  object space 332800K, 94% used [0x00000000c0000000,0x00000000d332a040,0x00000000d4500000)
 Metaspace       used 60576K, committed 61952K, reserved 1114112K
  class space    used 6317K, committed 6912K, reserved 1048576K
}
Event: 183.271 GC heap after
{Heap after GC invocations=466 (full 4):
 PSYoungGen      total 9728K, used 3552K [0x00000000eab00000, 0x00000000ec480000, 0x0000000100000000)
  eden space 6144K, 0% used [0x00000000eab00000,0x00000000eab00000,0x00000000eb100000)
  from space 3584K, 99% used [0x00000000eb880000,0x00000000ebbf83b0,0x00000000ebc00000)
  to   space 7680K, 0% used [0x00000000eb100000,0x00000000eb100000,0x00000000eb880000)
 ParOldGen       total 332800K, used 317839K [0x00000000c0000000, 0x00000000d4500000, 0x00000000eab00000)
  object space 332800K, 95% used [0x00000000c0000000,0x00000000d3663c18,0x00000000d4500000)
 Metaspace       used 60576K, committed 61952K, reserved 1114112K
  class space    used 6317K, committed 6912K, reserved 1048576K
}
Event: 183.283 GC heap before
{Heap before GC invocations=467 (full 4):
 PSYoungGen      total 9728K, used 9696K [0x00000000eab00000, 0x00000000ec480000, 0x0000000100000000)
  eden space 6144K, 100% used [0x00000000eab00000,0x00000000eb100000,0x00000000eb100000)
  from space 3584K, 99% used [0x00000000eb880000,0x00000000ebbf83b0,0x00000000ebc00000)
  to   space 7680K, 0% used [0x00000000eb100000,0x00000000eb100000,0x00000000eb880000)
 ParOldGen       total 332800K, used 317839K [0x00000000c0000000, 0x00000000d4500000, 0x00000000eab00000)
  object space 332800K, 95% used [0x00000000c0000000,0x00000000d3663c18,0x00000000d4500000)
 Metaspace       used 60576K, committed 61952K, reserved 1114112K
  class space    used 6317K, committed 6912K, reserved 1048576K
}
Event: 183.286 GC heap after
{Heap after GC invocations=467 (full 4):
 PSYoungGen      total 9216K, used 2753K [0x00000000eab00000, 0x00000000ebb00000, 0x0000000100000000)
  eden space 6144K, 0% used [0x00000000eab00000,0x00000000eab00000,0x00000000eb100000)
  from space 3072K, 89% used [0x00000000eb100000,0x00000000eb3b0530,0x00000000eb400000)
  to   space 4608K, 0% used [0x00000000eb680000,0x00000000eb680000,0x00000000ebb00000)
 ParOldGen       total 332800K, used 321259K [0x00000000c0000000, 0x00000000d4500000, 0x00000000eab00000)
  object space 332800K, 96% used [0x00000000c0000000,0x00000000d39bad18,0x00000000d4500000)
 Metaspace       used 60576K, committed 61952K, reserved 1114112K
  class space    used 6317K, committed 6912K, reserved 1048576K
}
Event: 183.301 GC heap before
{Heap before GC invocations=468 (full 4):
 PSYoungGen      total 9216K, used 8897K [0x00000000eab00000, 0x00000000ebb00000, 0x0000000100000000)
  eden space 6144K, 100% used [0x00000000eab00000,0x00000000eb100000,0x00000000eb100000)
  from space 3072K, 89% used [0x00000000eb100000,0x00000000eb3b0530,0x00000000eb400000)
  to   space 4608K, 0% used [0x00000000eb680000,0x00000000eb680000,0x00000000ebb00000)
 ParOldGen       total 332800K, used 321259K [0x00000000c0000000, 0x00000000d4500000, 0x00000000eab00000)
  object space 332800K, 96% used [0x00000000c0000000,0x00000000d39bad18,0x00000000d4500000)
 Metaspace       used 60576K, committed 61952K, reserved 1114112K
  class space    used 6317K, committed 6912K, reserved 1048576K
}
Event: 183.306 GC heap after
{Heap after GC invocations=468 (full 4):
 PSYoungGen      total 10240K, used 2618K [0x00000000eab00000, 0x00000000eb980000, 0x0000000100000000)
  eden space 7168K, 0% used [0x00000000eab00000,0x00000000eab00000,0x00000000eb200000)
  from space 3072K, 85% used [0x00000000eb680000,0x00000000eb90ebe0,0x00000000eb980000)
  to   space 3072K, 0% used [0x00000000eb380000,0x00000000eb380000,0x00000000eb680000)
 ParOldGen       total 332800K, used 323828K [0x00000000c0000000, 0x00000000d4500000, 0x00000000eab00000)
  object space 332800K, 97% used [0x00000000c0000000,0x00000000d3c3d320,0x00000000d4500000)
 Metaspace       used 60576K, committed 61952K, reserved 1114112K
  class space    used 6317K, committed 6912K, reserved 1048576K
}
Event: 183.331 GC heap before
{Heap before GC invocations=469 (full 4):
 PSYoungGen      total 10240K, used 9786K [0x00000000eab00000, 0x00000000eb980000, 0x0000000100000000)
  eden space 7168K, 100% used [0x00000000eab00000,0x00000000eb200000,0x00000000eb200000)
  from space 3072K, 85% used [0x00000000eb680000,0x00000000eb90ebe0,0x00000000eb980000)
  to   space 3072K, 0% used [0x00000000eb380000,0x00000000eb380000,0x00000000eb680000)
 ParOldGen       total 332800K, used 323828K [0x00000000c0000000, 0x00000000d4500000, 0x00000000eab00000)
  object space 332800K, 97% used [0x00000000c0000000,0x00000000d3c3d320,0x00000000d4500000)
 Metaspace       used 60576K, committed 61952K, reserved 1114112K
  class space    used 6317K, committed 6912K, reserved 1048576K
}
Event: 183.336 GC heap after
{Heap after GC invocations=469 (full 4):
 PSYoungGen      total 11264K, used 2572K [0x00000000eab00000, 0x00000000eb900000, 0x0000000100000000)
  eden space 8192K, 0% used [0x00000000eab00000,0x00000000eab00000,0x00000000eb300000)
  from space 3072K, 83% used [0x00000000eb380000,0x00000000eb603118,0x00000000eb680000)
  to   space 2560K, 0% used [0x00000000eb680000,0x00000000eb680000,0x00000000eb900000)
 ParOldGen       total 332800K, used 326361K [0x00000000c0000000, 0x00000000d4500000, 0x00000000eab00000)
  object space 332800K, 98% used [0x00000000c0000000,0x00000000d3eb6448,0x00000000d4500000)
 Metaspace       used 60576K, committed 61952K, reserved 1114112K
  class space    used 6317K, committed 6912K, reserved 1048576K
}
Event: 183.555 GC heap before
{Heap before GC invocations=470 (full 4):
 PSYoungGen      total 11264K, used 10764K [0x00000000eab00000, 0x00000000eb900000, 0x0000000100000000)
  eden space 8192K, 99% used [0x00000000eab00000,0x00000000eb2ffff0,0x00000000eb300000)
  from space 3072K, 83% used [0x00000000eb380000,0x00000000eb603118,0x00000000eb680000)
  to   space 2560K, 0% used [0x00000000eb680000,0x00000000eb680000,0x00000000eb900000)
 ParOldGen       total 332800K, used 326361K [0x00000000c0000000, 0x00000000d4500000, 0x00000000eab00000)
  object space 332800K, 98% used [0x00000000c0000000,0x00000000d3eb6448,0x00000000d4500000)
 Metaspace       used 60595K, committed 61952K, reserved 1114112K
  class space    used 6317K, committed 6912K, reserved 1048576K
}
Event: 183.560 GC heap after
{Heap after GC invocations=470 (full 4):
 PSYoungGen      total 11776K, used 2179K [0x00000000eab00000, 0x00000000eb980000, 0x0000000100000000)
  eden space 9216K, 0% used [0x00000000eab00000,0x00000000eab00000,0x00000000eb400000)
  from space 2560K, 85% used [0x00000000eb680000,0x00000000eb8a0df0,0x00000000eb900000)
  to   space 2560K, 0% used [0x00000000eb400000,0x00000000eb400000,0x00000000eb680000)
 ParOldGen       total 332800K, used 328789K [0x00000000c0000000, 0x00000000d4500000, 0x00000000eab00000)
  object space 332800K, 98% used [0x00000000c0000000,0x00000000d4115598,0x00000000d4500000)
 Metaspace       used 60595K, committed 61952K, reserved 1114112K
  class space    used 6317K, committed 6912K, reserved 1048576K
}
Event: 183.752 GC heap before
{Heap before GC invocations=471 (full 4):
 PSYoungGen      total 11776K, used 11395K [0x00000000eab00000, 0x00000000eb980000, 0x0000000100000000)
  eden space 9216K, 99% used [0x00000000eab00000,0x00000000eb3ffff8,0x00000000eb400000)
  from space 2560K, 85% used [0x00000000eb680000,0x00000000eb8a0df0,0x00000000eb900000)
  to   space 2560K, 0% used [0x00000000eb400000,0x00000000eb400000,0x00000000eb680000)
 ParOldGen       total 332800K, used 328789K [0x00000000c0000000, 0x00000000d4500000, 0x00000000eab00000)
  object space 332800K, 98% used [0x00000000c0000000,0x00000000d4115598,0x00000000d4500000)
 Metaspace       used 60629K, committed 62016K, reserved 1114112K
  class space    used 6318K, committed 6912K, reserved 1048576K
}
Event: 183.758 GC heap after
{Heap after GC invocations=471 (full 4):
 PSYoungGen      total 11776K, used 2188K [0x00000000eab00000, 0x00000000eb900000, 0x0000000100000000)
  eden space 9216K, 0% used [0x00000000eab00000,0x00000000eab00000,0x00000000eb400000)
  from space 2560K, 85% used [0x00000000eb400000,0x00000000eb623200,0x00000000eb680000)
  to   space 2560K, 0% used [0x00000000eb680000,0x00000000eb680000,0x00000000eb900000)
 ParOldGen       total 332800K, used 330765K [0x00000000c0000000, 0x00000000d4500000, 0x00000000eab00000)
  object space 332800K, 99% used [0x00000000c0000000,0x00000000d43035c0,0x00000000d4500000)
 Metaspace       used 60629K, committed 62016K, reserved 1114112K
  class space    used 6318K, committed 6912K, reserved 1048576K
}
Event: 183.874 GC heap before
{Heap before GC invocations=472 (full 4):
 PSYoungGen      total 11776K, used 10974K [0x00000000eab00000, 0x00000000eb900000, 0x0000000100000000)
  eden space 9216K, 95% used [0x00000000eab00000,0x00000000eb394690,0x00000000eb400000)
  from space 2560K, 85% used [0x00000000eb400000,0x00000000eb623200,0x00000000eb680000)
  to   space 2560K, 0% used [0x00000000eb680000,0x00000000eb680000,0x00000000eb900000)
 ParOldGen       total 332800K, used 330765K [0x00000000c0000000, 0x00000000d4500000, 0x00000000eab00000)
  object space 332800K, 99% used [0x00000000c0000000,0x00000000d43035c0,0x00000000d4500000)
 Metaspace       used 60629K, committed 62016K, reserved 1114112K
  class space    used 6318K, committed 6912K, reserved 1048576K
}
Event: 183.882 GC heap after
{Heap after GC invocations=472 (full 4):
 PSYoungGen      total 11776K, used 2535K [0x00000000eab00000, 0x00000000eb900000, 0x0000000100000000)
  eden space 9216K, 0% used [0x00000000eab00000,0x00000000eab00000,0x00000000eb400000)
  from space 2560K, 99% used [0x00000000eb680000,0x00000000eb8f9c00,0x00000000eb900000)
  to   space 2560K, 0% used [0x00000000eb400000,0x00000000eb400000,0x00000000eb680000)
 ParOldGen       total 332800K, used 332185K [0x00000000c0000000, 0x00000000d4500000, 0x00000000eab00000)
  object space 332800K, 99% used [0x00000000c0000000,0x00000000d44665b8,0x00000000d4500000)
 Metaspace       used 60629K, committed 62016K, reserved 1114112K
  class space    used 6318K, committed 6912K, reserved 1048576K
}
Event: 183.972 GC heap before
{Heap before GC invocations=473 (full 4):
 PSYoungGen      total 11776K, used 11750K [0x00000000eab00000, 0x00000000eb900000, 0x0000000100000000)
  eden space 9216K, 99% used [0x00000000eab00000,0x00000000eb3ffda0,0x00000000eb400000)
  from space 2560K, 99% used [0x00000000eb680000,0x00000000eb8f9c00,0x00000000eb900000)
  to   space 2560K, 0% used [0x00000000eb400000,0x00000000eb400000,0x00000000eb680000)
 ParOldGen       total 332800K, used 332185K [0x00000000c0000000, 0x00000000d4500000, 0x00000000eab00000)
  object space 332800K, 99% used [0x00000000c0000000,0x00000000d44665b8,0x00000000d4500000)
 Metaspace       used 60629K, committed 62016K, reserved 1114112K
  class space    used 6318K, committed 6912K, reserved 1048576K
}
Event: 183.977 GC heap after
{Heap after GC invocations=473 (full 4):
 PSYoungGen      total 11776K, used 1672K [0x00000000eab00000, 0x00000000eb900000, 0x0000000100000000)
  eden space 9216K, 0% used [0x00000000eab00000,0x00000000eab00000,0x00000000eb400000)
  from space 2560K, 65% used [0x00000000eb400000,0x00000000eb5a23d0,0x00000000eb680000)
  to   space 2560K, 0% used [0x00000000eb680000,0x00000000eb680000,0x00000000eb900000)
 ParOldGen       total 334848K, used 334393K [0x00000000c0000000, 0x00000000d4700000, 0x00000000eab00000)
  object space 334848K, 99% used [0x00000000c0000000,0x00000000d468e458,0x00000000d4700000)
 Metaspace       used 60629K, committed 62016K, reserved 1114112K
  class space    used 6318K, committed 6912K, reserved 1048576K
}

