# JRE version: OpenJDK Runtime Environment Temurin-21.0.5+11 (21.0.5+11) (build 21.0.5+11-LTS)
# Java VM: OpenJDK 64-Bit Server VM Temurin-21.0.5+11 (21.0.5+11-LTS, mixed mode, sharing, tiered, compressed oops, compressed class ptrs, parallel gc, windows-amd64)
GC Precious Log:
 CardTable entry size: 512
 CPUs: 8 total, 8 available
 Memory: 8036M
 Large Page Support: Disabled
 NUMA Support: Disabled
 Compressed Oops: Enabled (32-bit)
 Alignments: Space 512K, Generation 512K, Heap 2M
 Heap Min Capacity: 100M
 Heap Initial Capacity: 100M
 Heap Max Capacity: 1G
 Pre-touch: Disabled
 Parallel Workers: 8
Heap:
 PSYoungGen      total 6656K, used 2610K [0x00000000eab00000, 0x00000000eb280000, 0x0000000100000000)
  eden space 5120K, 34% used [0x00000000eab00000,0x00000000eacb4198,0x00000000eb000000)
  from space 1536K, 58% used [0x00000000eb000000,0x00000000eb0e0000,0x00000000eb180000)
  to   space 1024K, 0% used [0x00000000eb180000,0x00000000eb180000,0x00000000eb280000)
 ParOldGen       total 122368K, used 122039K [0x00000000c0000000, 0x00000000c7780000, 0x00000000eab00000)
  object space 122368K, 99% used [0x00000000c0000000,0x00000000c772dd48,0x00000000c7780000)
 Metaspace       used 44821K, committed 45952K, reserved 1114112K
  class space    used 4368K, committed 4800K, reserved 1048576K
GC Heap History (20 events):
Event: 59.999 GC heap before
{Heap before GC invocations=236 (full 2):
 PSYoungGen      total 6656K, used 5472K [0x00000000eab00000, 0x00000000eb300000, 0x0000000100000000)
  eden space 5120K, 100% used [0x00000000eab00000,0x00000000eb000000,0x00000000eb000000)
  from space 1536K, 22% used [0x00000000eb000000,0x00000000eb058000,0x00000000eb180000)
  to   space 1024K, 0% used [0x00000000eb200000,0x00000000eb200000,0x00000000eb300000)
 ParOldGen       total 117760K, used 117687K [0x00000000c0000000, 0x00000000c7300000, 0x00000000eab00000)
  object space 117760K, 99% used [0x00000000c0000000,0x00000000c72edd28,0x00000000c7300000)
 Metaspace       used 43116K, committed 44160K, reserved 1114112K
  class space    used 4243K, committed 4672K, reserved 1048576K
}
Event: 60.021 GC heap after
{Heap after GC invocations=236 (full 2):
 PSYoungGen      total 6144K, used 896K [0x00000000eab00000, 0x00000000eb300000, 0x0000000100000000)
  eden space 5120K, 0% used [0x00000000eab00000,0x00000000eab00000,0x00000000eb000000)
  from space 1024K, 87% used [0x00000000eb200000,0x00000000eb2e0000,0x00000000eb300000)
  to   space 1024K, 0% used [0x00000000eb100000,0x00000000eb100000,0x00000000eb200000)
 ParOldGen       total 118272K, used 117863K [0x00000000c0000000, 0x00000000c7380000, 0x00000000eab00000)
  object space 118272K, 99% used [0x00000000c0000000,0x00000000c7319d48,0x00000000c7380000)
 Metaspace       used 43116K, committed 44160K, reserved 1114112K
  class space    used 4243K, committed 4672K, reserved 1048576K
}
Event: 60.125 GC heap before
{Heap before GC invocations=237 (full 2):
 PSYoungGen      total 6144K, used 6016K [0x00000000eab00000, 0x00000000eb300000, 0x0000000100000000)
  eden space 5120K, 100% used [0x00000000eab00000,0x00000000eb000000,0x00000000eb000000)
  from space 1024K, 87% used [0x00000000eb200000,0x00000000eb2e0000,0x00000000eb300000)
  to   space 1024K, 0% used [0x00000000eb100000,0x00000000eb100000,0x00000000eb200000)
 ParOldGen       total 118272K, used 117863K [0x00000000c0000000, 0x00000000c7380000, 0x00000000eab00000)
  object space 118272K, 99% used [0x00000000c0000000,0x00000000c7319d48,0x00000000c7380000)
 Metaspace       used 43149K, committed 44224K, reserved 1114112K
  class space    used 4247K, committed 4736K, reserved 1048576K
}
Event: 60.130 GC heap after
{Heap after GC invocations=237 (full 2):
 PSYoungGen      total 5632K, used 384K [0x00000000eab00000, 0x00000000eb280000, 0x0000000100000000)
  eden space 5120K, 0% used [0x00000000eab00000,0x00000000eab00000,0x00000000eb000000)
  from space 512K, 75% used [0x00000000eb100000,0x00000000eb160000,0x00000000eb180000)
  to   space 1024K, 0% used [0x00000000eb180000,0x00000000eb180000,0x00000000eb280000)
 ParOldGen       total 118784K, used 118485K [0x00000000c0000000, 0x00000000c7400000, 0x00000000eab00000)
  object space 118784K, 99% used [0x00000000c0000000,0x00000000c73b5788,0x00000000c7400000)
 Metaspace       used 43149K, committed 44224K, reserved 1114112K
  class space    used 4247K, committed 4736K, reserved 1048576K
}
Event: 60.261 GC heap before
{Heap before GC invocations=238 (full 2):
 PSYoungGen      total 5632K, used 5504K [0x00000000eab00000, 0x00000000eb280000, 0x0000000100000000)
  eden space 5120K, 100% used [0x00000000eab00000,0x00000000eb000000,0x00000000eb000000)
  from space 512K, 75% used [0x00000000eb100000,0x00000000eb160000,0x00000000eb180000)
  to   space 1024K, 0% used [0x00000000eb180000,0x00000000eb180000,0x00000000eb280000)
 ParOldGen       total 118784K, used 118485K [0x00000000c0000000, 0x00000000c7400000, 0x00000000eab00000)
  object space 118784K, 99% used [0x00000000c0000000,0x00000000c73b5788,0x00000000c7400000)
 Metaspace       used 43215K, committed 44288K, reserved 1114112K
  class space    used 4248K, committed 4736K, reserved 1048576K
}
Event: 60.266 GC heap after
{Heap after GC invocations=238 (full 2):
 PSYoungGen      total 6144K, used 640K [0x00000000eab00000, 0x00000000eb280000, 0x0000000100000000)
  eden space 5120K, 0% used [0x00000000eab00000,0x00000000eab00000,0x00000000eb000000)
  from space 1024K, 62% used [0x00000000eb180000,0x00000000eb220000,0x00000000eb280000)
  to   space 1024K, 0% used [0x00000000eb080000,0x00000000eb080000,0x00000000eb180000)
 ParOldGen       total 118784K, used 118762K [0x00000000c0000000, 0x00000000c7400000, 0x00000000eab00000)
  object space 118784K, 99% used [0x00000000c0000000,0x00000000c73fa880,0x00000000c7400000)
 Metaspace       used 43215K, committed 44288K, reserved 1114112K
  class space    used 4248K, committed 4736K, reserved 1048576K
}
Event: 60.306 GC heap before
{Heap before GC invocations=239 (full 2):
 PSYoungGen      total 6144K, used 5759K [0x00000000eab00000, 0x00000000eb280000, 0x0000000100000000)
  eden space 5120K, 99% used [0x00000000eab00000,0x00000000eaffffd8,0x00000000eb000000)
  from space 1024K, 62% used [0x00000000eb180000,0x00000000eb220000,0x00000000eb280000)
  to   space 1024K, 0% used [0x00000000eb080000,0x00000000eb080000,0x00000000eb180000)
 ParOldGen       total 118784K, used 118762K [0x00000000c0000000, 0x00000000c7400000, 0x00000000eab00000)
  object space 118784K, 99% used [0x00000000c0000000,0x00000000c73fa880,0x00000000c7400000)
 Metaspace       used 43241K, committed 44288K, reserved 1114112K
  class space    used 4250K, committed 4736K, reserved 1048576K
}
Event: 60.308 GC heap after
{Heap after GC invocations=239 (full 2):
 PSYoungGen      total 5632K, used 448K [0x00000000eab00000, 0x00000000eb200000, 0x0000000100000000)
  eden space 5120K, 0% used [0x00000000eab00000,0x00000000eab00000,0x00000000eb000000)
  from space 512K, 87% used [0x00000000eb080000,0x00000000eb0f0000,0x00000000eb100000)
  to   space 1024K, 0% used [0x00000000eb100000,0x00000000eb100000,0x00000000eb200000)
 ParOldGen       total 119296K, used 119062K [0x00000000c0000000, 0x00000000c7480000, 0x00000000eab00000)
  object space 119296K, 99% used [0x00000000c0000000,0x00000000c74458d0,0x00000000c7480000)
 Metaspace       used 43241K, committed 44288K, reserved 1114112K
  class space    used 4250K, committed 4736K, reserved 1048576K
}
Event: 60.378 GC heap before
{Heap before GC invocations=240 (full 2):
 PSYoungGen      total 5632K, used 5568K [0x00000000eab00000, 0x00000000eb200000, 0x0000000100000000)
  eden space 5120K, 100% used [0x00000000eab00000,0x00000000eb000000,0x00000000eb000000)
  from space 512K, 87% used [0x00000000eb080000,0x00000000eb0f0000,0x00000000eb100000)
  to   space 1024K, 0% used [0x00000000eb100000,0x00000000eb100000,0x00000000eb200000)
 ParOldGen       total 119296K, used 119062K [0x00000000c0000000, 0x00000000c7480000, 0x00000000eab00000)
  object space 119296K, 99% used [0x00000000c0000000,0x00000000c74458d0,0x00000000c7480000)
 Metaspace       used 43275K, committed 44352K, reserved 1114112K
  class space    used 4252K, committed 4736K, reserved 1048576K
}
Event: 60.384 GC heap after
{Heap after GC invocations=240 (full 2):
 PSYoungGen      total 6144K, used 640K [0x00000000eab00000, 0x00000000eb200000, 0x0000000100000000)
  eden space 5120K, 0% used [0x00000000eab00000,0x00000000eab00000,0x00000000eb000000)
  from space 1024K, 62% used [0x00000000eb100000,0x00000000eb1a0000,0x00000000eb200000)
  to   space 1024K, 0% used [0x00000000eb000000,0x00000000eb000000,0x00000000eb100000)
 ParOldGen       total 119808K, used 119342K [0x00000000c0000000, 0x00000000c7500000, 0x00000000eab00000)
  object space 119808K, 99% used [0x00000000c0000000,0x00000000c748b8f0,0x00000000c7500000)
 Metaspace       used 43275K, committed 44352K, reserved 1114112K
  class space    used 4252K, committed 4736K, reserved 1048576K
}
Event: 60.607 GC heap before
{Heap before GC invocations=241 (full 2):
 PSYoungGen      total 6144K, used 5760K [0x00000000eab00000, 0x00000000eb200000, 0x0000000100000000)
  eden space 5120K, 100% used [0x00000000eab00000,0x00000000eb000000,0x00000000eb000000)
  from space 1024K, 62% used [0x00000000eb100000,0x00000000eb1a0000,0x00000000eb200000)
  to   space 1024K, 0% used [0x00000000eb000000,0x00000000eb000000,0x00000000eb100000)
 ParOldGen       total 119808K, used 119342K [0x00000000c0000000, 0x00000000c7500000, 0x00000000eab00000)
  object space 119808K, 99% used [0x00000000c0000000,0x00000000c748b8f0,0x00000000c7500000)
 Metaspace       used 43379K, committed 44480K, reserved 1114112K
  class space    used 4255K, committed 4736K, reserved 1048576K
}
Event: 60.617 GC heap after
{Heap after GC invocations=241 (full 2):
 PSYoungGen      total 6144K, used 480K [0x00000000eab00000, 0x00000000eb200000, 0x0000000100000000)
  eden space 5120K, 0% used [0x00000000eab00000,0x00000000eab00000,0x00000000eb000000)
  from space 1024K, 46% used [0x00000000eb000000,0x00000000eb078000,0x00000000eb100000)
  to   space 1024K, 0% used [0x00000000eb100000,0x00000000eb100000,0x00000000eb200000)
 ParOldGen       total 119808K, used 119706K [0x00000000c0000000, 0x00000000c7500000, 0x00000000eab00000)
  object space 119808K, 99% used [0x00000000c0000000,0x00000000c74e6980,0x00000000c7500000)
 Metaspace       used 43379K, committed 44480K, reserved 1114112K
  class space    used 4255K, committed 4736K, reserved 1048576K
}
Event: 60.842 GC heap before
{Heap before GC invocations=242 (full 2):
 PSYoungGen      total 6144K, used 5600K [0x00000000eab00000, 0x00000000eb200000, 0x0000000100000000)
  eden space 5120K, 100% used [0x00000000eab00000,0x00000000eb000000,0x00000000eb000000)
  from space 1024K, 46% used [0x00000000eb000000,0x00000000eb078000,0x00000000eb100000)
  to   space 1024K, 0% used [0x00000000eb100000,0x00000000eb100000,0x00000000eb200000)
 ParOldGen       total 119808K, used 119706K [0x00000000c0000000, 0x00000000c7500000, 0x00000000eab00000)
  object space 119808K, 99% used [0x00000000c0000000,0x00000000c74e6980,0x00000000c7500000)
 Metaspace       used 43596K, committed 44672K, reserved 1114112K
  class space    used 4272K, committed 4736K, reserved 1048576K
}
Event: 60.851 GC heap after
{Heap after GC invocations=242 (full 2):
 PSYoungGen      total 6144K, used 832K [0x00000000eab00000, 0x00000000eb200000, 0x0000000100000000)
  eden space 5120K, 0% used [0x00000000eab00000,0x00000000eab00000,0x00000000eb000000)
  from space 1024K, 81% used [0x00000000eb100000,0x00000000eb1d0000,0x00000000eb200000)
  to   space 1024K, 0% used [0x00000000eb000000,0x00000000eb000000,0x00000000eb100000)
 ParOldGen       total 120320K, used 119994K [0x00000000c0000000, 0x00000000c7580000, 0x00000000eab00000)
  object space 120320K, 99% used [0x00000000c0000000,0x00000000c752e990,0x00000000c7580000)
 Metaspace       used 43596K, committed 44672K, reserved 1114112K
  class space    used 4272K, committed 4736K, reserved 1048576K
}
Event: 61.323 GC heap before
{Heap before GC invocations=243 (full 2):
 PSYoungGen      total 6144K, used 5952K [0x00000000eab00000, 0x00000000eb200000, 0x0000000100000000)
  eden space 5120K, 100% used [0x00000000eab00000,0x00000000eb000000,0x00000000eb000000)
  from space 1024K, 81% used [0x00000000eb100000,0x00000000eb1d0000,0x00000000eb200000)
  to   space 1024K, 0% used [0x00000000eb000000,0x00000000eb000000,0x00000000eb100000)
 ParOldGen       total 120320K, used 119994K [0x00000000c0000000, 0x00000000c7580000, 0x00000000eab00000)
  object space 120320K, 99% used [0x00000000c0000000,0x00000000c752e990,0x00000000c7580000)
 Metaspace       used 44240K, committed 45248K, reserved 1114112K
  class space    used 4328K, committed 4736K, reserved 1048576K
}
Event: 61.328 GC heap after
{Heap after GC invocations=243 (full 2):
 PSYoungGen      total 6144K, used 997K [0x00000000eab00000, 0x00000000eb400000, 0x0000000100000000)
  eden space 5120K, 0% used [0x00000000eab00000,0x00000000eab00000,0x00000000eb000000)
  from space 1024K, 97% used [0x00000000eb000000,0x00000000eb0f9428,0x00000000eb100000)
  to   space 2048K, 0% used [0x00000000eb200000,0x00000000eb200000,0x00000000eb400000)
 ParOldGen       total 120832K, used 120649K [0x00000000c0000000, 0x00000000c7600000, 0x00000000eab00000)
  object space 120832K, 99% used [0x00000000c0000000,0x00000000c75d2540,0x00000000c7600000)
 Metaspace       used 44240K, committed 45248K, reserved 1114112K
  class space    used 4328K, committed 4736K, reserved 1048576K
}
Event: 61.577 GC heap before
{Heap before GC invocations=244 (full 2):
 PSYoungGen      total 6144K, used 6117K [0x00000000eab00000, 0x00000000eb400000, 0x0000000100000000)
  eden space 5120K, 100% used [0x00000000eab00000,0x00000000eb000000,0x00000000eb000000)
  from space 1024K, 97% used [0x00000000eb000000,0x00000000eb0f9428,0x00000000eb100000)
  to   space 2048K, 0% used [0x00000000eb200000,0x00000000eb200000,0x00000000eb400000)
 ParOldGen       total 120832K, used 120649K [0x00000000c0000000, 0x00000000c7600000, 0x00000000eab00000)
  object space 120832K, 99% used [0x00000000c0000000,0x00000000c75d2540,0x00000000c7600000)
 Metaspace       used 44472K, committed 45504K, reserved 1114112K
  class space    used 4345K, committed 4800K, reserved 1048576K
}
Event: 61.584 GC heap after
{Heap after GC invocations=244 (full 2):
 PSYoungGen      total 6144K, used 672K [0x00000000eab00000, 0x00000000eb300000, 0x0000000100000000)
  eden space 5120K, 0% used [0x00000000eab00000,0x00000000eab00000,0x00000000eb000000)
  from space 1024K, 65% used [0x00000000eb200000,0x00000000eb2a8000,0x00000000eb300000)
  to   space 1536K, 0% used [0x00000000eb000000,0x00000000eb000000,0x00000000eb180000)
 ParOldGen       total 121856K, used 121507K [0x00000000c0000000, 0x00000000c7700000, 0x00000000eab00000)
  object space 121856K, 99% used [0x00000000c0000000,0x00000000c76a8de8,0x00000000c7700000)
 Metaspace       used 44472K, committed 45504K, reserved 1114112K
  class space    used 4345K, committed 4800K, reserved 1048576K
}
Event: 62.287 GC heap before
{Heap before GC invocations=245 (full 2):
 PSYoungGen      total 6144K, used 5792K [0x00000000eab00000, 0x00000000eb300000, 0x0000000100000000)
  eden space 5120K, 100% used [0x00000000eab00000,0x00000000eb000000,0x00000000eb000000)
  from space 1024K, 65% used [0x00000000eb200000,0x00000000eb2a8000,0x00000000eb300000)
  to   space 1536K, 0% used [0x00000000eb000000,0x00000000eb000000,0x00000000eb180000)
 ParOldGen       total 121856K, used 121507K [0x00000000c0000000, 0x00000000c7700000, 0x00000000eab00000)
  object space 121856K, 99% used [0x00000000c0000000,0x00000000c76a8de8,0x00000000c7700000)
 Metaspace       used 44715K, committed 45824K, reserved 1114112K
  class space    used 4367K, committed 4800K, reserved 1048576K
}
Event: 62.291 GC heap after
{Heap after GC invocations=245 (full 2):
 PSYoungGen      total 6656K, used 896K [0x00000000eab00000, 0x00000000eb280000, 0x0000000100000000)
  eden space 5120K, 0% used [0x00000000eab00000,0x00000000eab00000,0x00000000eb000000)
  from space 1536K, 58% used [0x00000000eb000000,0x00000000eb0e0000,0x00000000eb180000)
  to   space 1024K, 0% used [0x00000000eb180000,0x00000000eb180000,0x00000000eb280000)
 ParOldGen       total 122368K, used 122039K [0x00000000c0000000, 0x00000000c7780000, 0x00000000eab00000)
  object space 122368K, 99% used [0x00000000c0000000,0x00000000c772dd48,0x00000000c7780000)
 Metaspace       used 44715K, committed 45824K, reserved 1114112K
  class space    used 4367K, committed 4800K, reserved 1048576K
}

